Java HotSpot(TM) 64-Bit Server VM (25.101-b13) for windows-amd64 JRE (1.8.0_101-b13), built on Jun 22 2016 01:21:29 by "java_re" with MS VC++ 10.0 (VS2010)
Memory: 4k page, physical 12445460k(5309144k free), swap 15400020k(4652508k free)
CommandLine flags: -XX:CMSInitiatingOccupancyFraction=50 -XX:CMSMaxAbortablePrecleanTime=6000 -XX:+CMSParallelRemarkEnabled -XX:+CMSScavengeBeforeRemark -XX:ConcGCThreads=4 -XX:InitialHeapSize=536870912 -XX:MaxHeapSize=536870912 -XX:MaxTenuringThreshold=8 -XX:NewRatio=3 -XX:OldPLABSize=16 -XX:ParallelGCThreads=4 -XX:+ParallelRefProcEnabled -XX:PretenureSizeThreshold=67108864 -XX:+PrintGC -XX:+PrintGCApplicationStoppedTime -XX:+PrintGCDateStamps -XX:+PrintGCDetails -XX:+PrintGCTimeStamps -XX:+PrintHeapAtGC -XX:+PrintTenuringDistribution -XX:SurvivorRatio=4 -XX:TargetSurvivorRatio=90 -XX:ThreadStackSize=256 -XX:+UseCMSInitiatingOccupancyOnly -XX:+UseCompressedClassPointers -XX:+UseCompressedOops -XX:+UseConcMarkSweepGC -XX:-UseLargePagesIndividualAllocation -XX:+UseParNewGC 
2016-10-11T21:41:20.866-0400: 1.030: Total time for which application threads were stopped: 0.0001045 seconds, Stopping threads took: 0.0000196 seconds
2016-10-11T21:41:21.408-0400: 1.572: Total time for which application threads were stopped: 0.0001176 seconds, Stopping threads took: 0.0000173 seconds
2016-10-11T21:41:21.950-0400: 2.115: Total time for which application threads were stopped: 0.0001246 seconds, Stopping threads took: 0.0000187 seconds
2016-10-11T21:41:22.063-0400: 2.227: Total time for which application threads were stopped: 0.0001442 seconds, Stopping threads took: 0.0000182 seconds
2016-10-11T21:41:22.110-0400: 2.274: Total time for which application threads were stopped: 0.0001306 seconds, Stopping threads took: 0.0000191 seconds
2016-10-11T21:41:23.110-0400: 3.275: Total time for which application threads were stopped: 0.0002491 seconds, Stopping threads took: 0.0001362 seconds
{Heap before GC invocations=0 (full 0):
 par new generation   total 109248K, used 87424K [0x00000000e0000000, 0x00000000e8000000, 0x00000000e8000000)
  eden space 87424K, 100% used [0x00000000e0000000, 0x00000000e5560000, 0x00000000e5560000)
  from space 21824K,   0% used [0x00000000e5560000, 0x00000000e5560000, 0x00000000e6ab0000)
  to   space 21824K,   0% used [0x00000000e6ab0000, 0x00000000e6ab0000, 0x00000000e8000000)
 concurrent mark-sweep generation total 393216K, used 0K [0x00000000e8000000, 0x0000000100000000, 0x0000000100000000)
 Metaspace       used 10128K, capacity 10260K, committed 10496K, reserved 1058816K
  class space    used 1166K, capacity 1208K, committed 1280K, reserved 1048576K
2016-10-11T21:41:23.154-0400: 3.319: [GC (Allocation Failure) 2016-10-11T21:41:23.155-0400: 3.319: [ParNew
Desired survivor size 20112992 bytes, new threshold 8 (max 8)
- age   1:    5558408 bytes,    5558408 total
: 87424K->5489K(109248K), 0.0129121 secs] 87424K->5489K(502464K), 0.0133818 secs] [Times: user=0.06 sys=0.00, real=0.01 secs] 
Heap after GC invocations=1 (full 0):
 par new generation   total 109248K, used 5489K [0x00000000e0000000, 0x00000000e8000000, 0x00000000e8000000)
  eden space 87424K,   0% used [0x00000000e0000000, 0x00000000e0000000, 0x00000000e5560000)
  from space 21824K,  25% used [0x00000000e6ab0000, 0x00000000e700c5b0, 0x00000000e8000000)
  to   space 21824K,   0% used [0x00000000e5560000, 0x00000000e5560000, 0x00000000e6ab0000)
 concurrent mark-sweep generation total 393216K, used 0K [0x00000000e8000000, 0x0000000100000000, 0x0000000100000000)
 Metaspace       used 10128K, capacity 10260K, committed 10496K, reserved 1058816K
  class space    used 1166K, capacity 1208K, committed 1280K, reserved 1048576K
}
2016-10-11T21:41:23.168-0400: 3.332: Total time for which application threads were stopped: 0.0137382 seconds, Stopping threads took: 0.0000327 seconds
2016-10-11T21:41:23.945-0400: 4.110: Total time for which application threads were stopped: 0.0001260 seconds, Stopping threads took: 0.0000224 seconds
2016-10-11T21:41:24.231-0400: 4.395: Total time for which application threads were stopped: 0.0003312 seconds, Stopping threads took: 0.0000406 seconds
2016-10-11T21:41:24.604-0400: 4.769: Total time for which application threads were stopped: 0.0002193 seconds, Stopping threads took: 0.0000243 seconds
2016-10-11T21:41:25.491-0400: 5.656: Total time for which application threads were stopped: 0.0002328 seconds, Stopping threads took: 0.0000205 seconds
2016-10-11T21:41:25.495-0400: 5.660: Total time for which application threads were stopped: 0.0001381 seconds, Stopping threads took: 0.0000121 seconds
2016-10-11T21:41:25.507-0400: 5.671: Total time for which application threads were stopped: 0.0001581 seconds, Stopping threads took: 0.0000159 seconds
2016-10-11T21:41:26.260-0400: 6.425: Total time for which application threads were stopped: 0.0002057 seconds, Stopping threads took: 0.0000830 seconds
2016-10-11T21:41:26.263-0400: 6.427: Total time for which application threads were stopped: 0.0000765 seconds, Stopping threads took: 0.0000149 seconds
2016-10-11T21:41:26.379-0400: 6.543: Total time for which application threads were stopped: 0.0000844 seconds, Stopping threads took: 0.0000191 seconds
2016-10-11T21:41:26.379-0400: 6.543: Total time for which application threads were stopped: 0.0000429 seconds, Stopping threads took: 0.0000084 seconds
2016-10-11T21:41:30.986-0400: 11.151: Total time for which application threads were stopped: 0.0000872 seconds, Stopping threads took: 0.0000266 seconds
2016-10-11T21:41:30.986-0400: 11.151: Total time for which application threads were stopped: 0.0000504 seconds, Stopping threads took: 0.0000135 seconds
2016-10-11T21:41:30.986-0400: 11.151: Total time for which application threads were stopped: 0.0000313 seconds, Stopping threads took: 0.0000093 seconds
2016-10-11T21:41:30.987-0400: 11.151: Total time for which application threads were stopped: 0.0000411 seconds, Stopping threads took: 0.0000140 seconds
2016-10-11T21:41:30.987-0400: 11.151: Total time for which application threads were stopped: 0.0000280 seconds, Stopping threads took: 0.0000098 seconds
2016-10-11T21:41:30.987-0400: 11.151: Total time for which application threads were stopped: 0.0000271 seconds, Stopping threads took: 0.0000103 seconds
2016-10-11T21:41:30.987-0400: 11.151: Total time for which application threads were stopped: 0.0000243 seconds, Stopping threads took: 0.0000075 seconds
2016-10-11T21:41:30.987-0400: 11.151: Total time for which application threads were stopped: 0.0000275 seconds, Stopping threads took: 0.0000084 seconds
2016-10-11T21:41:30.987-0400: 11.151: Total time for which application threads were stopped: 0.0000289 seconds, Stopping threads took: 0.0000103 seconds
2016-10-11T21:41:30.987-0400: 11.151: Total time for which application threads were stopped: 0.0000238 seconds, Stopping threads took: 0.0000075 seconds
2016-10-11T21:41:30.987-0400: 11.151: Total time for which application threads were stopped: 0.0000233 seconds, Stopping threads took: 0.0000070 seconds
2016-10-11T21:41:30.987-0400: 11.151: Total time for which application threads were stopped: 0.0001334 seconds, Stopping threads took: 0.0000075 seconds
2016-10-11T21:41:30.987-0400: 11.152: Total time for which application threads were stopped: 0.0000261 seconds, Stopping threads took: 0.0000084 seconds
2016-10-11T21:41:30.987-0400: 11.152: Total time for which application threads were stopped: 0.0000322 seconds, Stopping threads took: 0.0000103 seconds
2016-10-11T21:41:30.987-0400: 11.152: Total time for which application threads were stopped: 0.0000271 seconds, Stopping threads took: 0.0000084 seconds
2016-10-11T21:41:30.987-0400: 11.152: Total time for which application threads were stopped: 0.0000271 seconds, Stopping threads took: 0.0000089 seconds
2016-10-11T21:41:30.987-0400: 11.152: Total time for which application threads were stopped: 0.0000285 seconds, Stopping threads took: 0.0000093 seconds
2016-10-11T21:41:30.987-0400: 11.152: Total time for which application threads were stopped: 0.0000271 seconds, Stopping threads took: 0.0000089 seconds
2016-10-11T21:41:30.987-0400: 11.152: Total time for which application threads were stopped: 0.0000261 seconds, Stopping threads took: 0.0000084 seconds
2016-10-11T21:41:30.987-0400: 11.152: Total time for which application threads were stopped: 0.0001008 seconds, Stopping threads took: 0.0000075 seconds
2016-10-11T21:41:30.987-0400: 11.152: Total time for which application threads were stopped: 0.0000345 seconds, Stopping threads took: 0.0000089 seconds
2016-10-11T21:41:30.987-0400: 11.152: Total time for which application threads were stopped: 0.0000313 seconds, Stopping threads took: 0.0000093 seconds
2016-10-11T21:41:30.987-0400: 11.152: Total time for which application threads were stopped: 0.0000261 seconds, Stopping threads took: 0.0000079 seconds
2016-10-11T21:41:30.988-0400: 11.153: Total time for which application threads were stopped: 0.0000294 seconds, Stopping threads took: 0.0000084 seconds
2016-10-11T21:41:37.999-0400: 18.163: Total time for which application threads were stopped: 0.0001255 seconds, Stopping threads took: 0.0000420 seconds
2016-10-11T21:41:37.999-0400: 18.164: Total time for which application threads were stopped: 0.0000695 seconds, Stopping threads took: 0.0000224 seconds
2016-10-11T21:41:38.001-0400: 18.166: Total time for which application threads were stopped: 0.0001586 seconds, Stopping threads took: 0.0000513 seconds
2016-10-11T21:41:38.002-0400: 18.166: Total time for which application threads were stopped: 0.0001544 seconds, Stopping threads took: 0.0000611 seconds
2016-10-11T21:41:38.002-0400: 18.167: Total time for which application threads were stopped: 0.0001390 seconds, Stopping threads took: 0.0000471 seconds
2016-10-11T21:41:38.002-0400: 18.167: Total time for which application threads were stopped: 0.0001927 seconds, Stopping threads took: 0.0001162 seconds
2016-10-11T21:41:38.010-0400: 18.174: Total time for which application threads were stopped: 0.0001232 seconds, Stopping threads took: 0.0000355 seconds
2016-10-11T21:41:38.010-0400: 18.174: Total time for which application threads were stopped: 0.0000695 seconds, Stopping threads took: 0.0000224 seconds
2016-10-11T21:41:38.011-0400: 18.175: Total time for which application threads were stopped: 0.0001129 seconds, Stopping threads took: 0.0000560 seconds
2016-10-11T21:41:38.011-0400: 18.175: Total time for which application threads were stopped: 0.0000728 seconds, Stopping threads took: 0.0000275 seconds
2016-10-11T21:41:38.011-0400: 18.175: Total time for which application threads were stopped: 0.0001614 seconds, Stopping threads took: 0.0000807 seconds
2016-10-11T21:41:38.011-0400: 18.176: Total time for which application threads were stopped: 0.0001684 seconds, Stopping threads took: 0.0001040 seconds
2016-10-11T21:41:38.013-0400: 18.177: Total time for which application threads were stopped: 0.0001591 seconds, Stopping threads took: 0.0001036 seconds
2016-10-11T21:41:38.013-0400: 18.177: Total time for which application threads were stopped: 0.0001092 seconds, Stopping threads took: 0.0000546 seconds
2016-10-11T21:41:38.013-0400: 18.178: Total time for which application threads were stopped: 0.0001978 seconds, Stopping threads took: 0.0000532 seconds
2016-10-11T21:41:38.014-0400: 18.178: Total time for which application threads were stopped: 0.0000728 seconds, Stopping threads took: 0.0000271 seconds
2016-10-11T21:41:38.014-0400: 18.178: Total time for which application threads were stopped: 0.0001306 seconds, Stopping threads took: 0.0000653 seconds
2016-10-11T21:41:38.014-0400: 18.178: Total time for which application threads were stopped: 0.0001232 seconds, Stopping threads took: 0.0000583 seconds
2016-10-11T21:41:38.014-0400: 18.178: Total time for which application threads were stopped: 0.0001157 seconds, Stopping threads took: 0.0000532 seconds
2016-10-11T21:41:38.014-0400: 18.179: Total time for which application threads were stopped: 0.0001134 seconds, Stopping threads took: 0.0000513 seconds
2016-10-11T21:41:38.015-0400: 18.179: Total time for which application threads were stopped: 0.0000877 seconds, Stopping threads took: 0.0000285 seconds
2016-10-11T21:41:38.015-0400: 18.179: Total time for which application threads were stopped: 0.0001129 seconds, Stopping threads took: 0.0000359 seconds
2016-10-11T21:41:38.015-0400: 18.179: Total time for which application threads were stopped: 0.0001106 seconds, Stopping threads took: 0.0000392 seconds
2016-10-11T21:41:38.015-0400: 18.179: Total time for which application threads were stopped: 0.0000998 seconds, Stopping threads took: 0.0000336 seconds
2016-10-11T21:41:38.016-0400: 18.180: Total time for which application threads were stopped: 0.0001465 seconds, Stopping threads took: 0.0000331 seconds
2016-10-11T21:41:38.099-0400: 18.264: Total time for which application threads were stopped: 0.0001106 seconds, Stopping threads took: 0.0000359 seconds
2016-10-11T21:41:38.099-0400: 18.264: Total time for which application threads were stopped: 0.0000835 seconds, Stopping threads took: 0.0000303 seconds
2016-10-11T21:41:38.100-0400: 18.264: Total time for which application threads were stopped: 0.0000700 seconds, Stopping threads took: 0.0000238 seconds
2016-10-11T21:41:38.100-0400: 18.264: Total time for which application threads were stopped: 0.0000690 seconds, Stopping threads took: 0.0000177 seconds
2016-10-11T21:41:38.113-0400: 18.277: Total time for which application threads were stopped: 0.0001096 seconds, Stopping threads took: 0.0000350 seconds
2016-10-11T21:41:38.141-0400: 18.306: Total time for which application threads were stopped: 0.0002449 seconds, Stopping threads took: 0.0000364 seconds
2016-10-11T21:41:38.152-0400: 18.317: Total time for which application threads were stopped: 0.0004343 seconds, Stopping threads took: 0.0000406 seconds
2016-10-11T21:41:38.175-0400: 18.340: Total time for which application threads were stopped: 0.0000882 seconds, Stopping threads took: 0.0000243 seconds
2016-10-11T21:41:38.184-0400: 18.348: Total time for which application threads were stopped: 0.0001409 seconds, Stopping threads took: 0.0000779 seconds
2016-10-11T21:41:38.184-0400: 18.348: Total time for which application threads were stopped: 0.0000462 seconds, Stopping threads took: 0.0000135 seconds
2016-10-11T21:41:38.184-0400: 18.349: Total time for which application threads were stopped: 0.0000434 seconds, Stopping threads took: 0.0000126 seconds
2016-10-11T21:41:38.184-0400: 18.349: Total time for which application threads were stopped: 0.0000425 seconds, Stopping threads took: 0.0000121 seconds
2016-10-11T21:41:38.184-0400: 18.349: Total time for which application threads were stopped: 0.0000425 seconds, Stopping threads took: 0.0000131 seconds
2016-10-11T21:41:38.184-0400: 18.349: Total time for which application threads were stopped: 0.0000411 seconds, Stopping threads took: 0.0000121 seconds
2016-10-11T21:41:38.185-0400: 18.349: Total time for which application threads were stopped: 0.0000858 seconds, Stopping threads took: 0.0000504 seconds
2016-10-11T21:41:38.185-0400: 18.349: Total time for which application threads were stopped: 0.0000648 seconds, Stopping threads took: 0.0000303 seconds
2016-10-11T21:41:38.185-0400: 18.349: Total time for which application threads were stopped: 0.0000434 seconds, Stopping threads took: 0.0000135 seconds
2016-10-11T21:41:38.185-0400: 18.349: Total time for which application threads were stopped: 0.0000476 seconds, Stopping threads took: 0.0000149 seconds
2016-10-11T21:41:38.185-0400: 18.349: Total time for which application threads were stopped: 0.0000882 seconds, Stopping threads took: 0.0000383 seconds
2016-10-11T21:41:38.185-0400: 18.349: Total time for which application threads were stopped: 0.0000504 seconds, Stopping threads took: 0.0000187 seconds
2016-10-11T21:41:38.185-0400: 18.349: Total time for which application threads were stopped: 0.0000457 seconds, Stopping threads took: 0.0000154 seconds
2016-10-11T21:41:38.185-0400: 18.350: Total time for which application threads were stopped: 0.0000429 seconds, Stopping threads took: 0.0000131 seconds
2016-10-11T21:41:38.185-0400: 18.350: Total time for which application threads were stopped: 0.0000536 seconds, Stopping threads took: 0.0000224 seconds
2016-10-11T21:41:38.185-0400: 18.350: Total time for which application threads were stopped: 0.0000634 seconds, Stopping threads took: 0.0000289 seconds
2016-10-11T21:41:38.186-0400: 18.350: Total time for which application threads were stopped: 0.0000910 seconds, Stopping threads took: 0.0000569 seconds
2016-10-11T21:41:38.186-0400: 18.350: Total time for which application threads were stopped: 0.0000602 seconds, Stopping threads took: 0.0000257 seconds
2016-10-11T21:41:38.186-0400: 18.350: Total time for which application threads were stopped: 0.0000616 seconds, Stopping threads took: 0.0000210 seconds
2016-10-11T21:41:38.186-0400: 18.350: Total time for which application threads were stopped: 0.0001470 seconds, Stopping threads took: 0.0000140 seconds
2016-10-11T21:41:38.186-0400: 18.350: Total time for which application threads were stopped: 0.0001134 seconds, Stopping threads took: 0.0000662 seconds
2016-10-11T21:41:38.186-0400: 18.351: Total time for which application threads were stopped: 0.0000858 seconds, Stopping threads took: 0.0000471 seconds
2016-10-11T21:41:38.186-0400: 18.351: Total time for which application threads were stopped: 0.0000700 seconds, Stopping threads took: 0.0000378 seconds
2016-10-11T21:41:38.187-0400: 18.352: Total time for which application threads were stopped: 0.0000578 seconds, Stopping threads took: 0.0000182 seconds
2016-10-11T21:41:38.189-0400: 18.353: Total time for which application threads were stopped: 0.0000639 seconds, Stopping threads took: 0.0000159 seconds
2016-10-11T21:41:38.189-0400: 18.353: Total time for which application threads were stopped: 0.0000457 seconds, Stopping threads took: 0.0000117 seconds
2016-10-11T21:41:38.189-0400: 18.354: Total time for which application threads were stopped: 0.0000317 seconds, Stopping threads took: 0.0000093 seconds
2016-10-11T21:41:38.190-0400: 18.354: Total time for which application threads were stopped: 0.0000369 seconds, Stopping threads took: 0.0000107 seconds
2016-10-11T21:41:38.190-0400: 18.355: Total time for which application threads were stopped: 0.0000313 seconds, Stopping threads took: 0.0000089 seconds
2016-10-11T21:41:38.190-0400: 18.355: Total time for which application threads were stopped: 0.0000303 seconds, Stopping threads took: 0.0000084 seconds
2016-10-11T21:41:38.200-0400: 18.365: Total time for which application threads were stopped: 0.0000700 seconds, Stopping threads took: 0.0000215 seconds
2016-10-11T21:41:38.220-0400: 18.384: Total time for which application threads were stopped: 0.0000704 seconds, Stopping threads took: 0.0000201 seconds
2016-10-11T21:41:38.220-0400: 18.384: Total time for which application threads were stopped: 0.0000336 seconds, Stopping threads took: 0.0000098 seconds
2016-10-11T21:41:38.220-0400: 18.385: Total time for which application threads were stopped: 0.0000308 seconds, Stopping threads took: 0.0000089 seconds
2016-10-11T21:41:38.231-0400: 18.395: Total time for which application threads were stopped: 0.0000336 seconds, Stopping threads took: 0.0000093 seconds
2016-10-11T21:41:38.231-0400: 18.396: Total time for which application threads were stopped: 0.0000471 seconds, Stopping threads took: 0.0000140 seconds
2016-10-11T21:41:38.232-0400: 18.396: Total time for which application threads were stopped: 0.0000341 seconds, Stopping threads took: 0.0000089 seconds
2016-10-11T21:41:38.232-0400: 18.396: Total time for which application threads were stopped: 0.0000457 seconds, Stopping threads took: 0.0000117 seconds
2016-10-11T21:41:38.232-0400: 18.396: Total time for which application threads were stopped: 0.0000411 seconds, Stopping threads took: 0.0000135 seconds
2016-10-11T21:41:38.234-0400: 18.398: Total time for which application threads were stopped: 0.0000490 seconds, Stopping threads took: 0.0000159 seconds
2016-10-11T21:41:38.237-0400: 18.401: Total time for which application threads were stopped: 0.0002183 seconds, Stopping threads took: 0.0000215 seconds
2016-10-11T21:41:38.240-0400: 18.404: Total time for which application threads were stopped: 0.0000574 seconds, Stopping threads took: 0.0000154 seconds
2016-10-11T21:41:38.240-0400: 18.404: Total time for which application threads were stopped: 0.0000364 seconds, Stopping threads took: 0.0000107 seconds
2016-10-11T21:41:38.240-0400: 18.405: Total time for which application threads were stopped: 0.0000322 seconds, Stopping threads took: 0.0000089 seconds
2016-10-11T21:41:38.270-0400: 18.435: Total time for which application threads were stopped: 0.0000695 seconds, Stopping threads took: 0.0000196 seconds
2016-10-11T21:41:38.270-0400: 18.435: Total time for which application threads were stopped: 0.0000331 seconds, Stopping threads took: 0.0000093 seconds
2016-10-11T21:41:38.270-0400: 18.435: Total time for which application threads were stopped: 0.0000308 seconds, Stopping threads took: 0.0000084 seconds
2016-10-11T21:41:38.271-0400: 18.435: Total time for which application threads were stopped: 0.0000317 seconds, Stopping threads took: 0.0000089 seconds
2016-10-11T21:41:38.325-0400: 18.489: Total time for which application threads were stopped: 0.0000970 seconds, Stopping threads took: 0.0000271 seconds
2016-10-11T21:41:38.326-0400: 18.490: Total time for which application threads were stopped: 0.0001875 seconds, Stopping threads took: 0.0001120 seconds
2016-10-11T21:41:38.326-0400: 18.490: Total time for which application threads were stopped: 0.0000798 seconds, Stopping threads took: 0.0000299 seconds
2016-10-11T21:41:38.331-0400: 18.496: Total time for which application threads were stopped: 0.0000970 seconds, Stopping threads took: 0.0000271 seconds
2016-10-11T21:41:38.331-0400: 18.496: Total time for which application threads were stopped: 0.0000569 seconds, Stopping threads took: 0.0000187 seconds
2016-10-11T21:41:38.333-0400: 18.498: Total time for which application threads were stopped: 0.0001008 seconds, Stopping threads took: 0.0000308 seconds
2016-10-11T21:41:38.341-0400: 18.506: Total time for which application threads were stopped: 0.0001768 seconds, Stopping threads took: 0.0000247 seconds
2016-10-11T21:41:38.342-0400: 18.507: Total time for which application threads were stopped: 0.0000602 seconds, Stopping threads took: 0.0000191 seconds
2016-10-11T21:41:38.342-0400: 18.507: Total time for which application threads were stopped: 0.0000336 seconds, Stopping threads took: 0.0000093 seconds
2016-10-11T21:41:38.343-0400: 18.507: Total time for which application threads were stopped: 0.0000443 seconds, Stopping threads took: 0.0000149 seconds
2016-10-11T21:41:38.344-0400: 18.509: Total time for which application threads were stopped: 0.0000634 seconds, Stopping threads took: 0.0000210 seconds
2016-10-11T21:41:38.345-0400: 18.509: Total time for which application threads were stopped: 0.0000336 seconds, Stopping threads took: 0.0000103 seconds
2016-10-11T21:41:38.345-0400: 18.510: Total time for which application threads were stopped: 0.0000527 seconds, Stopping threads took: 0.0000140 seconds
2016-10-11T21:41:38.345-0400: 18.510: Total time for which application threads were stopped: 0.0000341 seconds, Stopping threads took: 0.0000098 seconds
2016-10-11T21:41:38.346-0400: 18.511: Total time for which application threads were stopped: 0.0000826 seconds, Stopping threads took: 0.0000481 seconds
2016-10-11T21:41:38.347-0400: 18.511: Total time for which application threads were stopped: 0.0000788 seconds, Stopping threads took: 0.0000439 seconds
2016-10-11T21:41:38.347-0400: 18.511: Total time for which application threads were stopped: 0.0001749 seconds, Stopping threads took: 0.0001269 seconds
2016-10-11T21:41:38.347-0400: 18.512: Total time for which application threads were stopped: 0.0001073 seconds, Stopping threads took: 0.0000704 seconds
2016-10-11T21:41:38.347-0400: 18.512: Total time for which application threads were stopped: 0.0001484 seconds, Stopping threads took: 0.0000980 seconds
2016-10-11T21:41:38.348-0400: 18.513: Total time for which application threads were stopped: 0.0001712 seconds, Stopping threads took: 0.0001180 seconds
2016-10-11T21:41:38.348-0400: 18.513: Total time for which application threads were stopped: 0.0000681 seconds, Stopping threads took: 0.0000266 seconds
2016-10-11T21:41:38.352-0400: 18.516: Total time for which application threads were stopped: 0.0002636 seconds, Stopping threads took: 0.0000779 seconds
2016-10-11T21:41:38.354-0400: 18.519: Total time for which application threads were stopped: 0.0002235 seconds, Stopping threads took: 0.0001362 seconds
2016-10-11T21:41:38.356-0400: 18.520: Total time for which application threads were stopped: 0.0001199 seconds, Stopping threads took: 0.0000415 seconds
2016-10-11T21:41:38.356-0400: 18.521: Total time for which application threads were stopped: 0.0001199 seconds, Stopping threads took: 0.0000439 seconds
2016-10-11T21:41:38.357-0400: 18.521: Total time for which application threads were stopped: 0.0000952 seconds, Stopping threads took: 0.0000317 seconds
2016-10-11T21:41:38.357-0400: 18.522: Total time for which application threads were stopped: 0.0002076 seconds, Stopping threads took: 0.0001092 seconds
2016-10-11T21:41:38.358-0400: 18.523: Total time for which application threads were stopped: 0.0000928 seconds, Stopping threads took: 0.0000294 seconds
2016-10-11T21:41:38.358-0400: 18.523: Total time for which application threads were stopped: 0.0000746 seconds, Stopping threads took: 0.0000238 seconds
2016-10-11T21:41:38.358-0400: 18.523: Total time for which application threads were stopped: 0.0000863 seconds, Stopping threads took: 0.0000336 seconds
2016-10-11T21:41:38.359-0400: 18.524: Total time for which application threads were stopped: 0.0001227 seconds, Stopping threads took: 0.0000467 seconds
2016-10-11T21:41:38.360-0400: 18.524: Total time for which application threads were stopped: 0.0001068 seconds, Stopping threads took: 0.0000252 seconds
2016-10-11T21:41:38.360-0400: 18.524: Total time for which application threads were stopped: 0.0000625 seconds, Stopping threads took: 0.0000252 seconds
2016-10-11T21:41:38.360-0400: 18.524: Total time for which application threads were stopped: 0.0001045 seconds, Stopping threads took: 0.0000471 seconds
2016-10-11T21:41:38.361-0400: 18.525: Total time for which application threads were stopped: 0.0000798 seconds, Stopping threads took: 0.0000219 seconds
2016-10-11T21:41:38.362-0400: 18.526: Total time for which application threads were stopped: 0.0001073 seconds, Stopping threads took: 0.0000392 seconds
2016-10-11T21:41:38.362-0400: 18.527: Total time for which application threads were stopped: 0.0001031 seconds, Stopping threads took: 0.0000611 seconds
2016-10-11T21:41:38.363-0400: 18.527: Total time for which application threads were stopped: 0.0000756 seconds, Stopping threads took: 0.0000299 seconds
2016-10-11T21:41:38.363-0400: 18.527: Total time for which application threads were stopped: 0.0000863 seconds, Stopping threads took: 0.0000359 seconds
2016-10-11T21:41:38.363-0400: 18.527: Total time for which application threads were stopped: 0.0000896 seconds, Stopping threads took: 0.0000359 seconds
2016-10-11T21:41:38.364-0400: 18.529: Total time for which application threads were stopped: 0.0001166 seconds, Stopping threads took: 0.0000219 seconds
2016-10-11T21:41:38.365-0400: 18.529: Total time for which application threads were stopped: 0.0000555 seconds, Stopping threads took: 0.0000154 seconds
2016-10-11T21:41:38.365-0400: 18.529: Total time for which application threads were stopped: 0.0000453 seconds, Stopping threads took: 0.0000154 seconds
2016-10-11T21:41:38.376-0400: 18.540: Total time for which application threads were stopped: 0.0000891 seconds, Stopping threads took: 0.0000429 seconds
2016-10-11T21:41:38.376-0400: 18.541: Total time for which application threads were stopped: 0.0000793 seconds, Stopping threads took: 0.0000257 seconds
2016-10-11T21:41:38.380-0400: 18.544: Total time for which application threads were stopped: 0.0001045 seconds, Stopping threads took: 0.0000266 seconds
2016-10-11T21:41:38.380-0400: 18.545: Total time for which application threads were stopped: 0.0000998 seconds, Stopping threads took: 0.0000327 seconds
2016-10-11T21:41:38.585-0400: 18.749: Total time for which application threads were stopped: 0.0001451 seconds, Stopping threads took: 0.0000522 seconds
2016-10-11T21:41:38.586-0400: 18.750: Total time for which application threads were stopped: 0.0001950 seconds, Stopping threads took: 0.0000644 seconds
2016-10-11T21:41:38.586-0400: 18.750: Total time for which application threads were stopped: 0.0000826 seconds, Stopping threads took: 0.0000280 seconds
2016-10-11T21:41:38.586-0400: 18.751: Total time for which application threads were stopped: 0.0000998 seconds, Stopping threads took: 0.0000229 seconds
2016-10-11T21:41:38.587-0400: 18.752: Total time for which application threads were stopped: 0.0001572 seconds, Stopping threads took: 0.0000299 seconds
2016-10-11T21:41:38.592-0400: 18.756: Total time for which application threads were stopped: 0.0001292 seconds, Stopping threads took: 0.0000313 seconds
2016-10-11T21:41:38.592-0400: 18.756: Total time for which application threads were stopped: 0.0001101 seconds, Stopping threads took: 0.0000546 seconds
2016-10-11T21:41:38.593-0400: 18.758: Total time for which application threads were stopped: 0.0002832 seconds, Stopping threads took: 0.0000252 seconds
2016-10-11T21:41:39.011-0400: 19.175: Total time for which application threads were stopped: 0.0000812 seconds, Stopping threads took: 0.0000252 seconds
2016-10-11T21:41:39.106-0400: 19.270: Total time for which application threads were stopped: 0.0000751 seconds, Stopping threads took: 0.0000210 seconds
2016-10-11T21:41:39.106-0400: 19.270: Total time for which application threads were stopped: 0.0000406 seconds, Stopping threads took: 0.0000131 seconds
2016-10-11T21:41:39.106-0400: 19.270: Total time for which application threads were stopped: 0.0000550 seconds, Stopping threads took: 0.0000145 seconds
2016-10-11T21:41:39.122-0400: 19.286: Total time for which application threads were stopped: 0.0000723 seconds, Stopping threads took: 0.0000205 seconds
2016-10-11T21:41:39.146-0400: 19.311: Total time for which application threads were stopped: 0.0000732 seconds, Stopping threads took: 0.0000219 seconds
2016-10-11T21:41:39.147-0400: 19.311: Total time for which application threads were stopped: 0.0000327 seconds, Stopping threads took: 0.0000089 seconds
2016-10-11T21:41:39.147-0400: 19.311: Total time for which application threads were stopped: 0.0000331 seconds, Stopping threads took: 0.0000079 seconds
2016-10-11T21:41:39.147-0400: 19.311: Total time for which application threads were stopped: 0.0000289 seconds, Stopping threads took: 0.0000075 seconds
2016-10-11T21:41:39.179-0400: 19.343: Total time for which application threads were stopped: 0.0000690 seconds, Stopping threads took: 0.0000229 seconds
2016-10-11T21:41:39.179-0400: 19.343: Total time for which application threads were stopped: 0.0000481 seconds, Stopping threads took: 0.0000131 seconds
2016-10-11T21:41:39.179-0400: 19.344: Total time for which application threads were stopped: 0.0000336 seconds, Stopping threads took: 0.0000093 seconds
2016-10-11T21:41:39.179-0400: 19.344: Total time for which application threads were stopped: 0.0000327 seconds, Stopping threads took: 0.0000093 seconds
2016-10-11T21:41:39.189-0400: 19.353: Total time for which application threads were stopped: 0.0001857 seconds, Stopping threads took: 0.0000490 seconds
2016-10-11T21:41:39.248-0400: 19.412: Total time for which application threads were stopped: 0.0001106 seconds, Stopping threads took: 0.0000359 seconds
2016-10-11T21:41:39.270-0400: 19.434: Total time for which application threads were stopped: 0.0001470 seconds, Stopping threads took: 0.0000406 seconds
2016-10-11T21:41:39.270-0400: 19.434: Total time for which application threads were stopped: 0.0001026 seconds, Stopping threads took: 0.0000257 seconds
2016-10-11T21:41:39.270-0400: 19.434: Total time for which application threads were stopped: 0.0000681 seconds, Stopping threads took: 0.0000182 seconds
2016-10-11T21:41:39.271-0400: 19.435: Total time for which application threads were stopped: 0.0001073 seconds, Stopping threads took: 0.0000406 seconds
2016-10-11T21:41:39.724-0400: 19.888: Total time for which application threads were stopped: 0.0000700 seconds, Stopping threads took: 0.0000182 seconds
2016-10-11T21:41:39.796-0400: 19.961: Total time for which application threads were stopped: 0.0001166 seconds, Stopping threads took: 0.0000322 seconds
2016-10-11T21:41:39.808-0400: 19.972: Total time for which application threads were stopped: 0.0000756 seconds, Stopping threads took: 0.0000247 seconds
2016-10-11T21:41:39.811-0400: 19.976: Total time for which application threads were stopped: 0.0000914 seconds, Stopping threads took: 0.0000261 seconds
2016-10-11T21:41:39.811-0400: 19.976: Total time for which application threads were stopped: 0.0000550 seconds, Stopping threads took: 0.0000215 seconds
2016-10-11T21:41:39.811-0400: 19.976: Total time for which application threads were stopped: 0.0000434 seconds, Stopping threads took: 0.0000112 seconds
2016-10-11T21:41:39.811-0400: 19.976: Total time for which application threads were stopped: 0.0000425 seconds, Stopping threads took: 0.0000117 seconds
2016-10-11T21:41:39.820-0400: 19.985: Total time for which application threads were stopped: 0.0001064 seconds, Stopping threads took: 0.0000252 seconds
2016-10-11T21:41:39.887-0400: 20.052: Total time for which application threads were stopped: 0.0002561 seconds, Stopping threads took: 0.0000224 seconds
2016-10-11T21:41:39.905-0400: 20.069: Total time for which application threads were stopped: 0.0000854 seconds, Stopping threads took: 0.0000257 seconds
2016-10-11T21:41:39.905-0400: 20.070: Total time for which application threads were stopped: 0.0000583 seconds, Stopping threads took: 0.0000252 seconds
2016-10-11T21:41:39.905-0400: 20.070: Total time for which application threads were stopped: 0.0000490 seconds, Stopping threads took: 0.0000177 seconds
2016-10-11T21:41:39.905-0400: 20.070: Total time for which application threads were stopped: 0.0000499 seconds, Stopping threads took: 0.0000210 seconds
2016-10-11T21:41:39.963-0400: 20.128: Total time for which application threads were stopped: 0.0000989 seconds, Stopping threads took: 0.0000215 seconds
2016-10-11T21:41:39.963-0400: 20.128: Total time for which application threads were stopped: 0.0000322 seconds, Stopping threads took: 0.0000079 seconds
2016-10-11T21:41:39.998-0400: 20.162: Total time for which application threads were stopped: 0.0000821 seconds, Stopping threads took: 0.0000196 seconds
2016-10-11T21:41:39.998-0400: 20.163: Total time for which application threads were stopped: 0.0000336 seconds, Stopping threads took: 0.0000089 seconds
2016-10-11T21:41:39.999-0400: 20.163: Total time for which application threads were stopped: 0.0000345 seconds, Stopping threads took: 0.0000093 seconds
2016-10-11T21:41:40.246-0400: 20.411: Total time for which application threads were stopped: 0.0001544 seconds, Stopping threads took: 0.0000541 seconds
2016-10-11T21:41:40.247-0400: 20.411: Total time for which application threads were stopped: 0.0001507 seconds, Stopping threads took: 0.0000732 seconds
2016-10-11T21:41:40.247-0400: 20.411: Total time for which application threads were stopped: 0.0000387 seconds, Stopping threads took: 0.0000107 seconds
2016-10-11T21:41:40.247-0400: 20.412: Total time for which application threads were stopped: 0.0000425 seconds, Stopping threads took: 0.0000140 seconds
2016-10-11T21:41:40.258-0400: 20.422: Total time for which application threads were stopped: 0.0000695 seconds, Stopping threads took: 0.0000196 seconds
2016-10-11T21:41:40.258-0400: 20.422: Total time for which application threads were stopped: 0.0000378 seconds, Stopping threads took: 0.0000098 seconds
2016-10-11T21:41:40.258-0400: 20.422: Total time for which application threads were stopped: 0.0000355 seconds, Stopping threads took: 0.0000089 seconds
2016-10-11T21:41:40.258-0400: 20.423: Total time for which application threads were stopped: 0.0000504 seconds, Stopping threads took: 0.0000145 seconds
2016-10-11T21:41:40.315-0400: 20.479: Total time for which application threads were stopped: 0.0000746 seconds, Stopping threads took: 0.0000201 seconds
2016-10-11T21:41:40.315-0400: 20.479: Total time for which application threads were stopped: 0.0000625 seconds, Stopping threads took: 0.0000331 seconds
2016-10-11T21:41:40.315-0400: 20.479: Total time for which application threads were stopped: 0.0000369 seconds, Stopping threads took: 0.0000089 seconds
2016-10-11T21:41:40.315-0400: 20.480: Total time for which application threads were stopped: 0.0000364 seconds, Stopping threads took: 0.0000084 seconds
2016-10-11T21:41:40.317-0400: 20.482: Total time for which application threads were stopped: 0.0000406 seconds, Stopping threads took: 0.0000103 seconds
2016-10-11T21:41:40.317-0400: 20.482: Total time for which application threads were stopped: 0.0000336 seconds, Stopping threads took: 0.0000079 seconds
2016-10-11T21:41:40.317-0400: 20.482: Total time for which application threads were stopped: 0.0000327 seconds, Stopping threads took: 0.0000075 seconds
2016-10-11T21:41:40.317-0400: 20.482: Total time for which application threads were stopped: 0.0000821 seconds, Stopping threads took: 0.0000448 seconds
2016-10-11T21:41:41.787-0400: 21.951: Total time for which application threads were stopped: 0.0001358 seconds, Stopping threads took: 0.0000569 seconds
2016-10-11T21:41:41.787-0400: 21.951: Total time for which application threads were stopped: 0.0000453 seconds, Stopping threads took: 0.0000154 seconds
2016-10-11T21:41:41.787-0400: 21.951: Total time for which application threads were stopped: 0.0000383 seconds, Stopping threads took: 0.0000103 seconds
2016-10-11T21:41:41.794-0400: 21.958: Total time for which application threads were stopped: 0.0000868 seconds, Stopping threads took: 0.0000243 seconds
2016-10-11T21:41:41.815-0400: 21.979: Total time for which application threads were stopped: 0.0000840 seconds, Stopping threads took: 0.0000308 seconds
2016-10-11T21:41:41.815-0400: 21.979: Total time for which application threads were stopped: 0.0000513 seconds, Stopping threads took: 0.0000117 seconds
2016-10-11T21:41:41.815-0400: 21.980: Total time for which application threads were stopped: 0.0002169 seconds, Stopping threads took: 0.0000154 seconds
2016-10-11T21:41:41.816-0400: 21.980: Total time for which application threads were stopped: 0.0000364 seconds, Stopping threads took: 0.0000089 seconds
{Heap before GC invocations=1 (full 0):
 par new generation   total 109248K, used 92913K [0x00000000e0000000, 0x00000000e8000000, 0x00000000e8000000)
  eden space 87424K, 100% used [0x00000000e0000000, 0x00000000e5560000, 0x00000000e5560000)
  from space 21824K,  25% used [0x00000000e6ab0000, 0x00000000e700c5b0, 0x00000000e8000000)
  to   space 21824K,   0% used [0x00000000e5560000, 0x00000000e5560000, 0x00000000e6ab0000)
 concurrent mark-sweep generation total 393216K, used 0K [0x00000000e8000000, 0x0000000100000000, 0x0000000100000000)
 Metaspace       used 20852K, capacity 21134K, committed 21248K, reserved 1069056K
  class space    used 2445K, capacity 2550K, committed 2560K, reserved 1048576K
2016-10-11T21:41:41.823-0400: 21.987: [GC (Allocation Failure) 2016-10-11T21:41:41.823-0400: 21.987: [ParNew
Desired survivor size 20112992 bytes, new threshold 8 (max 8)
- age   1:    9981240 bytes,    9981240 total
- age   2:    2502368 bytes,   12483608 total
: 92913K->13427K(109248K), 0.0097538 secs] 92913K->13427K(502464K), 0.0098429 secs] [Times: user=0.05 sys=0.02, real=0.01 secs] 
Heap after GC invocations=2 (full 0):
 par new generation   total 109248K, used 13427K [0x00000000e0000000, 0x00000000e8000000, 0x00000000e8000000)
  eden space 87424K,   0% used [0x00000000e0000000, 0x00000000e0000000, 0x00000000e5560000)
  from space 21824K,  61% used [0x00000000e5560000, 0x00000000e627cef8, 0x00000000e6ab0000)
  to   space 21824K,   0% used [0x00000000e6ab0000, 0x00000000e6ab0000, 0x00000000e8000000)
 concurrent mark-sweep generation total 393216K, used 0K [0x00000000e8000000, 0x0000000100000000, 0x0000000100000000)
 Metaspace       used 20852K, capacity 21134K, committed 21248K, reserved 1069056K
  class space    used 2445K, capacity 2550K, committed 2560K, reserved 1048576K
}
2016-10-11T21:41:41.833-0400: 21.997: Total time for which application threads were stopped: 0.0101321 seconds, Stopping threads took: 0.0000243 seconds
2016-10-11T21:41:41.834-0400: 21.998: Total time for which application threads were stopped: 0.0001236 seconds, Stopping threads took: 0.0000308 seconds
2016-10-11T21:41:41.834-0400: 21.999: Total time for which application threads were stopped: 0.0000751 seconds, Stopping threads took: 0.0000308 seconds
2016-10-11T21:41:41.877-0400: 22.042: Total time for which application threads were stopped: 0.0001553 seconds, Stopping threads took: 0.0000574 seconds
2016-10-11T21:41:41.877-0400: 22.042: Total time for which application threads were stopped: 0.0000434 seconds, Stopping threads took: 0.0000126 seconds
2016-10-11T21:41:41.877-0400: 22.042: Total time for which application threads were stopped: 0.0000415 seconds, Stopping threads took: 0.0000112 seconds
2016-10-11T21:41:41.963-0400: 22.127: Total time for which application threads were stopped: 0.0001087 seconds, Stopping threads took: 0.0000252 seconds
2016-10-11T21:41:42.035-0400: 22.200: Total time for which application threads were stopped: 0.0000952 seconds, Stopping threads took: 0.0000196 seconds
2016-10-11T21:41:42.052-0400: 22.216: Total time for which application threads were stopped: 0.0002389 seconds, Stopping threads took: 0.0000219 seconds
2016-10-11T21:41:42.120-0400: 22.284: Total time for which application threads were stopped: 0.0003065 seconds, Stopping threads took: 0.0000224 seconds
2016-10-11T21:41:42.187-0400: 22.352: Total time for which application threads were stopped: 0.0002001 seconds, Stopping threads took: 0.0000457 seconds
2016-10-11T21:41:42.239-0400: 22.403: Total time for which application threads were stopped: 0.0000900 seconds, Stopping threads took: 0.0000219 seconds
2016-10-11T21:41:42.284-0400: 22.448: Total time for which application threads were stopped: 0.0001012 seconds, Stopping threads took: 0.0000215 seconds
2016-10-11T21:41:42.289-0400: 22.454: Total time for which application threads were stopped: 0.0000667 seconds, Stopping threads took: 0.0000205 seconds
2016-10-11T21:41:42.323-0400: 22.487: Total time for which application threads were stopped: 0.0003667 seconds, Stopping threads took: 0.0000219 seconds
2016-10-11T21:41:42.381-0400: 22.545: Total time for which application threads were stopped: 0.0000896 seconds, Stopping threads took: 0.0000229 seconds
2016-10-11T21:41:42.454-0400: 22.619: Total time for which application threads were stopped: 0.0002099 seconds, Stopping threads took: 0.0000546 seconds
2016-10-11T21:41:42.459-0400: 22.623: Total time for which application threads were stopped: 0.0001297 seconds, Stopping threads took: 0.0000373 seconds
2016-10-11T21:41:42.529-0400: 22.694: Total time for which application threads were stopped: 0.0000994 seconds, Stopping threads took: 0.0000229 seconds
2016-10-11T21:41:42.562-0400: 22.727: Total time for which application threads were stopped: 0.0000938 seconds, Stopping threads took: 0.0000257 seconds
2016-10-11T21:41:42.573-0400: 22.737: Total time for which application threads were stopped: 0.0003863 seconds, Stopping threads took: 0.0000308 seconds
2016-10-11T21:41:42.573-0400: 22.737: Total time for which application threads were stopped: 0.0002351 seconds, Stopping threads took: 0.0000168 seconds
2016-10-11T21:41:42.574-0400: 22.738: Total time for which application threads were stopped: 0.0001456 seconds, Stopping threads took: 0.0000182 seconds
2016-10-11T21:41:42.614-0400: 22.779: Total time for which application threads were stopped: 0.0000872 seconds, Stopping threads took: 0.0000266 seconds
2016-10-11T21:41:42.614-0400: 22.779: Total time for which application threads were stopped: 0.0000522 seconds, Stopping threads took: 0.0000140 seconds
2016-10-11T21:41:42.619-0400: 22.783: Total time for which application threads were stopped: 0.0000872 seconds, Stopping threads took: 0.0000219 seconds
2016-10-11T21:41:42.690-0400: 22.854: Total time for which application threads were stopped: 0.0001367 seconds, Stopping threads took: 0.0000397 seconds
2016-10-11T21:41:42.778-0400: 22.942: Total time for which application threads were stopped: 0.0000989 seconds, Stopping threads took: 0.0000299 seconds
2016-10-11T21:41:42.781-0400: 22.945: Total time for which application threads were stopped: 0.0004413 seconds, Stopping threads took: 0.0000229 seconds
2016-10-11T21:41:42.790-0400: 22.954: Total time for which application threads were stopped: 0.0000966 seconds, Stopping threads took: 0.0000257 seconds
2016-10-11T21:41:42.825-0400: 22.989: Total time for which application threads were stopped: 0.0000947 seconds, Stopping threads took: 0.0000205 seconds
2016-10-11T21:41:42.826-0400: 22.990: Total time for which application threads were stopped: 0.0000555 seconds, Stopping threads took: 0.0000140 seconds
2016-10-11T21:41:42.863-0400: 23.028: Total time for which application threads were stopped: 0.0001250 seconds, Stopping threads took: 0.0000327 seconds
{Heap before GC invocations=2 (full 0):
 par new generation   total 109248K, used 100851K [0x00000000e0000000, 0x00000000e8000000, 0x00000000e8000000)
  eden space 87424K, 100% used [0x00000000e0000000, 0x00000000e5560000, 0x00000000e5560000)
  from space 21824K,  61% used [0x00000000e5560000, 0x00000000e627cef8, 0x00000000e6ab0000)
  to   space 21824K,   0% used [0x00000000e6ab0000, 0x00000000e6ab0000, 0x00000000e8000000)
 concurrent mark-sweep generation total 393216K, used 0K [0x00000000e8000000, 0x0000000100000000, 0x0000000100000000)
 Metaspace       used 24261K, capacity 24526K, committed 24872K, reserved 1071104K
  class space    used 2909K, capacity 2998K, committed 3040K, reserved 1048576K
2016-10-11T21:41:42.866-0400: 23.030: [GC (Allocation Failure) 2016-10-11T21:41:42.866-0400: 23.030: [ParNew
Desired survivor size 20112992 bytes, new threshold 8 (max 8)
- age   1:    3550488 bytes,    3550488 total
- age   2:    3802432 bytes,    7352920 total
- age   3:    2499248 bytes,    9852168 total
: 100851K->14900K(109248K), 0.0081481 secs] 100851K->14900K(502464K), 0.0083057 secs] [Times: user=0.00 sys=0.00, real=0.01 secs] 
Heap after GC invocations=3 (full 0):
 par new generation   total 109248K, used 14900K [0x00000000e0000000, 0x00000000e8000000, 0x00000000e8000000)
  eden space 87424K,   0% used [0x00000000e0000000, 0x00000000e0000000, 0x00000000e5560000)
  from space 21824K,  68% used [0x00000000e6ab0000, 0x00000000e793d2b0, 0x00000000e8000000)
  to   space 21824K,   0% used [0x00000000e5560000, 0x00000000e5560000, 0x00000000e6ab0000)
 concurrent mark-sweep generation total 393216K, used 0K [0x00000000e8000000, 0x0000000100000000, 0x0000000100000000)
 Metaspace       used 24261K, capacity 24526K, committed 24872K, reserved 1071104K
  class space    used 2909K, capacity 2998K, committed 3040K, reserved 1048576K
}
2016-10-11T21:41:42.874-0400: 23.038: Total time for which application threads were stopped: 0.0084886 seconds, Stopping threads took: 0.0000163 seconds
2016-10-11T21:41:42.874-0400: 23.038: [GC (CMS Initial Mark) [1 CMS-initial-mark: 0K(393216K)] 15941K(502464K), 0.0021716 secs] [Times: user=0.00 sys=0.00, real=0.00 secs] 
2016-10-11T21:41:42.876-0400: 23.041: Total time for which application threads were stopped: 0.0023200 seconds, Stopping threads took: 0.0000355 seconds
2016-10-11T21:41:42.876-0400: 23.041: [CMS-concurrent-mark-start]
2016-10-11T21:41:42.876-0400: 23.041: [CMS-concurrent-mark: 0.000/0.000 secs] [Times: user=0.00 sys=0.00, real=0.00 secs] 
2016-10-11T21:41:42.876-0400: 23.041: [CMS-concurrent-preclean-start]
2016-10-11T21:41:42.877-0400: 23.042: [CMS-concurrent-preclean: 0.001/0.001 secs] [Times: user=0.00 sys=0.00, real=0.00 secs] 
2016-10-11T21:41:42.878-0400: 23.042: [GC (CMS Final Remark) [YG occupancy: 15941 K (109248 K)]{Heap before GC invocations=3 (full 1):
 par new generation   total 109248K, used 15941K [0x00000000e0000000, 0x00000000e8000000, 0x00000000e8000000)
  eden space 87424K,   1% used [0x00000000e0000000, 0x00000000e0104420, 0x00000000e5560000)
  from space 21824K,  68% used [0x00000000e6ab0000, 0x00000000e793d2b0, 0x00000000e8000000)
  to   space 21824K,   0% used [0x00000000e5560000, 0x00000000e5560000, 0x00000000e6ab0000)
 concurrent mark-sweep generation total 393216K, used 0K [0x00000000e8000000, 0x0000000100000000, 0x0000000100000000)
 Metaspace       used 24261K, capacity 24526K, committed 24872K, reserved 1071104K
  class space    used 2909K, capacity 2998K, committed 3040K, reserved 1048576K
2016-10-11T21:41:42.878-0400: 23.042: [GC (CMS Final Remark) 2016-10-11T21:41:42.878-0400: 23.042: [ParNew
Desired survivor size 20112992 bytes, new threshold 8 (max 8)
- age   1:       2704 bytes,       2704 total
- age   2:    1269552 bytes,    1272256 total
- age   3:    3800832 bytes,    5073088 total
- age   4:    2496496 bytes,    7569584 total
: 15941K->9775K(109248K), 0.0067485 secs] 15941K->9775K(502464K), 0.0068250 secs] [Times: user=0.00 sys=0.00, real=0.01 secs] 
Heap after GC invocations=4 (full 1):
 par new generation   total 109248K, used 9775K [0x00000000e0000000, 0x00000000e8000000, 0x00000000e8000000)
  eden space 87424K,   0% used [0x00000000e0000000, 0x00000000e0000000, 0x00000000e5560000)
  from space 21824K,  44% used [0x00000000e5560000, 0x00000000e5eebc00, 0x00000000e6ab0000)
  to   space 21824K,   0% used [0x00000000e6ab0000, 0x00000000e6ab0000, 0x00000000e8000000)
 concurrent mark-sweep generation total 393216K, used 0K [0x00000000e8000000, 0x0000000100000000, 0x0000000100000000)
 Metaspace       used 24261K, capacity 24526K, committed 24872K, reserved 1071104K
  class space    used 2909K, capacity 2998K, committed 3040K, reserved 1048576K
}
2016-10-11T21:41:42.884-0400: 23.049: [Rescan (parallel) , 0.0022215 secs]2016-10-11T21:41:42.887-0400: 23.051: [weak refs processing, 0.0007385 secs]2016-10-11T21:41:42.887-0400: 23.052: [class unloading, 0.0029255 secs]2016-10-11T21:41:42.890-0400: 23.055: [scrub symbol table, 0.0048979 secs]2016-10-11T21:41:42.895-0400: 23.060: [scrub string table, 0.0004054 secs][1 CMS-remark: 0K(393216K)] 9775K(502464K), 0.0190942 secs] [Times: user=0.02 sys=0.00, real=0.02 secs] 
2016-10-11T21:41:42.897-0400: 23.061: Total time for which application threads were stopped: 0.0192967 seconds, Stopping threads took: 0.0000751 seconds
2016-10-11T21:41:42.897-0400: 23.061: [CMS-concurrent-sweep-start]
2016-10-11T21:41:42.897-0400: 23.061: [CMS-concurrent-sweep: 0.000/0.000 secs] [Times: user=0.00 sys=0.00, real=0.00 secs] 
2016-10-11T21:41:42.897-0400: 23.061: [CMS-concurrent-reset-start]
2016-10-11T21:41:42.899-0400: 23.063: [CMS-concurrent-reset: 0.002/0.002 secs] [Times: user=0.00 sys=0.00, real=0.00 secs] 
2016-10-11T21:41:43.021-0400: 23.185: Total time for which application threads were stopped: 0.0000844 seconds, Stopping threads took: 0.0000229 seconds
2016-10-11T21:41:43.079-0400: 23.244: Total time for which application threads were stopped: 0.0002916 seconds, Stopping threads took: 0.0000201 seconds
2016-10-11T21:41:43.401-0400: 23.566: Total time for which application threads were stopped: 0.0001521 seconds, Stopping threads took: 0.0000546 seconds
2016-10-11T21:41:43.418-0400: 23.583: Total time for which application threads were stopped: 0.0003373 seconds, Stopping threads took: 0.0001395 seconds
2016-10-11T21:41:43.418-0400: 23.583: Total time for which application threads were stopped: 0.0001255 seconds, Stopping threads took: 0.0000854 seconds
2016-10-11T21:41:43.419-0400: 23.583: Total time for which application threads were stopped: 0.0000961 seconds, Stopping threads took: 0.0000350 seconds
2016-10-11T21:41:43.442-0400: 23.607: Total time for which application threads were stopped: 0.0002085 seconds, Stopping threads took: 0.0000760 seconds
2016-10-11T21:41:43.442-0400: 23.607: Total time for which application threads were stopped: 0.0001264 seconds, Stopping threads took: 0.0000350 seconds
2016-10-11T21:41:43.443-0400: 23.607: Total time for which application threads were stopped: 0.0001530 seconds, Stopping threads took: 0.0000383 seconds
2016-10-11T21:41:43.443-0400: 23.607: Total time for which application threads were stopped: 0.0001031 seconds, Stopping threads took: 0.0000322 seconds
2016-10-11T21:41:43.443-0400: 23.608: Total time for which application threads were stopped: 0.0000672 seconds, Stopping threads took: 0.0000191 seconds
2016-10-11T21:41:43.445-0400: 23.610: Total time for which application threads were stopped: 0.0000681 seconds, Stopping threads took: 0.0000145 seconds
2016-10-11T21:41:43.448-0400: 23.613: Total time for which application threads were stopped: 0.0000933 seconds, Stopping threads took: 0.0000201 seconds
2016-10-11T21:41:43.448-0400: 23.613: Total time for which application threads were stopped: 0.0000984 seconds, Stopping threads took: 0.0000499 seconds
2016-10-11T21:41:43.448-0400: 23.613: Total time for which application threads were stopped: 0.0000676 seconds, Stopping threads took: 0.0000247 seconds
2016-10-11T21:41:43.449-0400: 23.613: Total time for which application threads were stopped: 0.0000513 seconds, Stopping threads took: 0.0000103 seconds
2016-10-11T21:41:43.449-0400: 23.613: Total time for which application threads were stopped: 0.0000630 seconds, Stopping threads took: 0.0000140 seconds
2016-10-11T21:41:43.449-0400: 23.613: Total time for which application threads were stopped: 0.0000658 seconds, Stopping threads took: 0.0000168 seconds
2016-10-11T21:41:43.449-0400: 23.614: Total time for which application threads were stopped: 0.0002463 seconds, Stopping threads took: 0.0001992 seconds
2016-10-11T21:41:43.450-0400: 23.614: Total time for which application threads were stopped: 0.0001591 seconds, Stopping threads took: 0.0001092 seconds
2016-10-11T21:41:43.450-0400: 23.614: Total time for which application threads were stopped: 0.0000634 seconds, Stopping threads took: 0.0000201 seconds
2016-10-11T21:41:43.457-0400: 23.622: Total time for which application threads were stopped: 0.0002155 seconds, Stopping threads took: 0.0000555 seconds
2016-10-11T21:41:43.489-0400: 23.653: Total time for which application threads were stopped: 0.0000919 seconds, Stopping threads took: 0.0000252 seconds
2016-10-11T21:41:43.567-0400: 23.731: Total time for which application threads were stopped: 0.0000942 seconds, Stopping threads took: 0.0000275 seconds
2016-10-11T21:41:43.579-0400: 23.743: Total time for which application threads were stopped: 0.0000924 seconds, Stopping threads took: 0.0000383 seconds
2016-10-11T21:41:44.579-0400: 24.743: Total time for which application threads were stopped: 0.0001255 seconds, Stopping threads took: 0.0000429 seconds
2016-10-11T21:42:15.428-0400: 55.592: Total time for which application threads were stopped: 0.0001330 seconds, Stopping threads took: 0.0000425 seconds
2016-10-11T21:42:15.428-0400: 55.593: Total time for which application threads were stopped: 0.0000802 seconds, Stopping threads took: 0.0000303 seconds
2016-10-11T21:42:15.431-0400: 55.595: Total time for which application threads were stopped: 0.0017102 seconds, Stopping threads took: 0.0016267 seconds
2016-10-11T21:42:16.109-0400: 56.273: Total time for which application threads were stopped: 0.0001465 seconds, Stopping threads took: 0.0000798 seconds
2016-10-11T21:42:16.114-0400: 56.278: Total time for which application threads were stopped: 0.0000933 seconds, Stopping threads took: 0.0000275 seconds
2016-10-11T21:42:17.114-0400: 57.278: Total time for which application threads were stopped: 0.0000928 seconds, Stopping threads took: 0.0000299 seconds
2016-10-11T21:42:20.430-0400: 60.594: Total time for which application threads were stopped: 0.0000774 seconds, Stopping threads took: 0.0000238 seconds
2016-10-11T21:43:56.449-0400: 156.613: Total time for which application threads were stopped: 0.0000947 seconds, Stopping threads took: 0.0000252 seconds
2016-10-11T21:43:56.499-0400: 156.664: Total time for which application threads were stopped: 0.0000849 seconds, Stopping threads took: 0.0000252 seconds
2016-10-11T21:43:57.500-0400: 157.664: Total time for which application threads were stopped: 0.0001372 seconds, Stopping threads took: 0.0000434 seconds
2016-10-11T21:44:46.512-0400: 206.676: Total time for which application threads were stopped: 0.0001549 seconds, Stopping threads took: 0.0000415 seconds
2016-10-11T21:45:02.921-0400: 223.085: Total time for which application threads were stopped: 0.0001124 seconds, Stopping threads took: 0.0000331 seconds
2016-10-11T21:45:02.929-0400: 223.093: Total time for which application threads were stopped: 0.0001372 seconds, Stopping threads took: 0.0000308 seconds
2016-10-11T21:45:20.323-0400: 240.488: Total time for which application threads were stopped: 0.0001227 seconds, Stopping threads took: 0.0000411 seconds
2016-10-11T21:45:21.324-0400: 241.488: Total time for which application threads were stopped: 0.0001414 seconds, Stopping threads took: 0.0000504 seconds
2016-10-11T21:45:46.329-0400: 266.493: Total time for which application threads were stopped: 0.0001763 seconds, Stopping threads took: 0.0000425 seconds
2016-10-11T21:46:05.333-0400: 285.497: Total time for which application threads were stopped: 0.0001152 seconds, Stopping threads took: 0.0000434 seconds
2016-10-11T21:46:59.971-0400: 340.135: Total time for which application threads were stopped: 0.0000928 seconds, Stopping threads took: 0.0000243 seconds
2016-10-11T21:48:43.184-0400: 443.349: Total time for which application threads were stopped: 0.0001064 seconds, Stopping threads took: 0.0000271 seconds
2016-10-11T21:48:43.185-0400: 443.349: Total time for which application threads were stopped: 0.0000471 seconds, Stopping threads took: 0.0000140 seconds
2016-10-11T21:48:43.186-0400: 443.350: Total time for which application threads were stopped: 0.0000490 seconds, Stopping threads took: 0.0000135 seconds
2016-10-11T21:48:43.186-0400: 443.351: Total time for which application threads were stopped: 0.0000490 seconds, Stopping threads took: 0.0000126 seconds
2016-10-11T21:48:43.186-0400: 443.351: Total time for which application threads were stopped: 0.0000415 seconds, Stopping threads took: 0.0000107 seconds
2016-10-11T21:48:43.245-0400: 443.409: Total time for which application threads were stopped: 0.0000854 seconds, Stopping threads took: 0.0000247 seconds
2016-10-11T21:48:44.048-0400: 444.212: Total time for which application threads were stopped: 0.0001068 seconds, Stopping threads took: 0.0000289 seconds
2016-10-11T21:48:44.048-0400: 444.212: Total time for which application threads were stopped: 0.0000863 seconds, Stopping threads took: 0.0000219 seconds
2016-10-11T21:48:51.341-0400: 451.505: Total time for which application threads were stopped: 0.0000961 seconds, Stopping threads took: 0.0000280 seconds
2016-10-11T21:49:38.351-0400: 498.516: Total time for which application threads were stopped: 0.0001316 seconds, Stopping threads took: 0.0000485 seconds
2016-10-11T21:52:16.495-0400: 656.660: Total time for which application threads were stopped: 0.0001474 seconds, Stopping threads took: 0.0000700 seconds
2016-10-11T21:52:59.484-0400: 699.649: Total time for which application threads were stopped: 0.0001465 seconds, Stopping threads took: 0.0000564 seconds
2016-10-11T21:56:31.527-0400: 911.691: Total time for which application threads were stopped: 0.0002151 seconds, Stopping threads took: 0.0000662 seconds
2016-10-11T21:57:46.544-0400: 986.708: Total time for which application threads were stopped: 0.0000998 seconds, Stopping threads took: 0.0000308 seconds
2016-10-11T22:04:02.208-0400: 1362.372: Total time for which application threads were stopped: 0.0002748 seconds, Stopping threads took: 0.0000956 seconds
2016-10-11T22:08:26.745-0400: 1626.909: Total time for which application threads were stopped: 0.0001745 seconds, Stopping threads took: 0.0000485 seconds
2016-10-11T22:08:27.745-0400: 1627.910: Total time for which application threads were stopped: 0.0001479 seconds, Stopping threads took: 0.0000411 seconds
2016-10-11T22:12:03.530-0400: 1843.695: Total time for which application threads were stopped: 0.0002039 seconds, Stopping threads took: 0.0000341 seconds
2016-10-11T22:12:03.591-0400: 1843.756: Total time for which application threads were stopped: 0.0002151 seconds, Stopping threads took: 0.0000294 seconds
2016-10-11T22:12:41.248-0400: 1881.413: Total time for which application threads were stopped: 0.0000975 seconds, Stopping threads took: 0.0000271 seconds
2016-10-11T22:12:54.252-0400: 1894.416: Total time for which application threads were stopped: 0.0002841 seconds, Stopping threads took: 0.0000439 seconds
2016-10-11T22:13:05.014-0400: 1905.178: Total time for which application threads were stopped: 0.0001106 seconds, Stopping threads took: 0.0000322 seconds
2016-10-11T22:13:10.652-0400: 1910.817: Total time for which application threads were stopped: 0.0000989 seconds, Stopping threads took: 0.0000257 seconds
2016-10-11T22:13:10.653-0400: 1910.818: Total time for which application threads were stopped: 0.0001409 seconds, Stopping threads took: 0.0000285 seconds
2016-10-11T22:13:19.655-0400: 1919.820: Total time for which application threads were stopped: 0.0001581 seconds, Stopping threads took: 0.0000457 seconds
2016-10-11T22:13:25.180-0400: 1925.345: Total time for which application threads were stopped: 0.0001255 seconds, Stopping threads took: 0.0000495 seconds
2016-10-11T22:16:21.471-0400: 2101.635: Total time for which application threads were stopped: 0.0002151 seconds, Stopping threads took: 0.0000630 seconds
2016-10-11T22:16:51.417-0400: 2131.581: Total time for which application threads were stopped: 0.0001819 seconds, Stopping threads took: 0.0000345 seconds
2016-10-11T22:18:11.161-0400: 2211.325: Total time for which application threads were stopped: 0.0002995 seconds, Stopping threads took: 0.0000355 seconds
2016-10-11T22:18:11.224-0400: 2211.388: Total time for which application threads were stopped: 0.0001651 seconds, Stopping threads took: 0.0000802 seconds
2016-10-11T22:18:56.233-0400: 2256.398: Total time for which application threads were stopped: 0.0001600 seconds, Stopping threads took: 0.0000471 seconds
2016-10-11T22:19:42.247-0400: 2302.411: Total time for which application threads were stopped: 0.0001945 seconds, Stopping threads took: 0.0000625 seconds
2016-10-11T22:27:50.502-0400: 2790.667: Total time for which application threads were stopped: 0.0001096 seconds, Stopping threads took: 0.0000308 seconds
2016-10-11T22:27:50.503-0400: 2790.668: Total time for which application threads were stopped: 0.0000625 seconds, Stopping threads took: 0.0000126 seconds
2016-10-11T22:27:51.504-0400: 2791.668: Total time for which application threads were stopped: 0.0001525 seconds, Stopping threads took: 0.0000462 seconds
2016-10-11T22:28:42.474-0400: 2842.638: Total time for which application threads were stopped: 0.0001810 seconds, Stopping threads took: 0.0000453 seconds
2016-10-11T22:28:42.548-0400: 2842.712: Total time for which application threads were stopped: 0.0001045 seconds, Stopping threads took: 0.0000247 seconds
2016-10-11T22:29:36.620-0400: 2896.784: Total time for which application threads were stopped: 0.0001871 seconds, Stopping threads took: 0.0000532 seconds
2016-10-11T22:35:50.520-0400: 3270.696: Total time for which application threads were stopped: 0.0001003 seconds, Stopping threads took: 0.0000243 seconds
2016-10-11T22:35:50.648-0400: 3270.813: Total time for which application threads were stopped: 0.0000919 seconds, Stopping threads took: 0.0000247 seconds
2016-10-11T22:35:50.653-0400: 3270.817: Total time for which application threads were stopped: 0.0000746 seconds, Stopping threads took: 0.0000201 seconds
2016-10-11T22:35:50.653-0400: 3270.817: Total time for which application threads were stopped: 0.0000369 seconds, Stopping threads took: 0.0000098 seconds
2016-10-11T22:35:50.653-0400: 3270.818: Total time for which application threads were stopped: 0.0000504 seconds, Stopping threads took: 0.0000131 seconds
2016-10-11T22:35:50.653-0400: 3270.818: Total time for which application threads were stopped: 0.0000397 seconds, Stopping threads took: 0.0000098 seconds
2016-10-11T22:35:50.654-0400: 3270.818: Total time for which application threads were stopped: 0.0000457 seconds, Stopping threads took: 0.0000103 seconds
2016-10-11T22:35:50.657-0400: 3270.822: Total time for which application threads were stopped: 0.0000467 seconds, Stopping threads took: 0.0000103 seconds
2016-10-11T22:35:50.657-0400: 3270.822: Total time for which application threads were stopped: 0.0000849 seconds, Stopping threads took: 0.0000103 seconds
2016-10-11T22:35:50.658-0400: 3270.822: Total time for which application threads were stopped: 0.0000453 seconds, Stopping threads took: 0.0000107 seconds
2016-10-11T22:35:50.661-0400: 3270.826: Total time for which application threads were stopped: 0.0000798 seconds, Stopping threads took: 0.0000233 seconds
2016-10-11T22:35:50.661-0400: 3270.826: Total time for which application threads were stopped: 0.0000658 seconds, Stopping threads took: 0.0000173 seconds
2016-10-11T22:35:50.663-0400: 3270.827: Total time for which application threads were stopped: 0.0000672 seconds, Stopping threads took: 0.0000191 seconds
2016-10-11T22:35:50.663-0400: 3270.827: Total time for which application threads were stopped: 0.0000373 seconds, Stopping threads took: 0.0000098 seconds
2016-10-11T22:35:50.679-0400: 3270.848: Total time for which application threads were stopped: 0.0000779 seconds, Stopping threads took: 0.0000210 seconds
2016-10-11T22:35:50.679-0400: 3270.851: Total time for which application threads were stopped: 0.0000863 seconds, Stopping threads took: 0.0000201 seconds
2016-10-11T22:35:50.679-0400: 3270.851: Total time for which application threads were stopped: 0.0000522 seconds, Stopping threads took: 0.0000149 seconds
2016-10-11T22:35:50.679-0400: 3270.851: Total time for which application threads were stopped: 0.0000415 seconds, Stopping threads took: 0.0000121 seconds
2016-10-11T22:35:50.679-0400: 3270.851: Total time for which application threads were stopped: 0.0000653 seconds, Stopping threads took: 0.0000173 seconds
2016-10-11T22:35:50.679-0400: 3270.851: Total time for which application threads were stopped: 0.0000550 seconds, Stopping threads took: 0.0000140 seconds
2016-10-11T22:35:50.948-0400: 3271.113: Total time for which application threads were stopped: 0.0001675 seconds, Stopping threads took: 0.0000732 seconds
2016-10-11T22:35:50.958-0400: 3271.123: Total time for which application threads were stopped: 0.0000896 seconds, Stopping threads took: 0.0000210 seconds
2016-10-11T22:35:50.962-0400: 3271.126: Total time for which application threads were stopped: 0.0001050 seconds, Stopping threads took: 0.0000443 seconds
2016-10-11T22:35:50.975-0400: 3271.140: Total time for which application threads were stopped: 0.0000910 seconds, Stopping threads took: 0.0000252 seconds
2016-10-11T22:35:50.976-0400: 3271.140: Total time for which application threads were stopped: 0.0000994 seconds, Stopping threads took: 0.0000508 seconds
2016-10-11T22:35:50.976-0400: 3271.140: Total time for which application threads were stopped: 0.0000513 seconds, Stopping threads took: 0.0000126 seconds
2016-10-11T22:35:50.976-0400: 3271.140: Total time for which application threads were stopped: 0.0000910 seconds, Stopping threads took: 0.0000476 seconds
2016-10-11T22:35:50.977-0400: 3271.141: Total time for which application threads were stopped: 0.0000560 seconds, Stopping threads took: 0.0000126 seconds
2016-10-11T22:35:50.999-0400: 3271.163: Total time for which application threads were stopped: 0.0000896 seconds, Stopping threads took: 0.0000229 seconds
2016-10-11T22:36:15.920-0400: 3296.091: Total time for which application threads were stopped: 0.0001330 seconds, Stopping threads took: 0.0000373 seconds
2016-10-11T22:36:15.920-0400: 3296.092: Total time for which application threads were stopped: 0.0000700 seconds, Stopping threads took: 0.0000159 seconds
2016-10-11T22:36:15.920-0400: 3296.093: Total time for which application threads were stopped: 0.0001176 seconds, Stopping threads took: 0.0000704 seconds
2016-10-11T22:36:15.920-0400: 3296.093: Total time for which application threads were stopped: 0.0002113 seconds, Stopping threads took: 0.0001651 seconds
2016-10-11T22:36:15.964-0400: 3296.128: Total time for which application threads were stopped: 0.0000900 seconds, Stopping threads took: 0.0000215 seconds
2016-10-11T22:36:15.965-0400: 3296.129: Total time for which application threads were stopped: 0.0000443 seconds, Stopping threads took: 0.0000126 seconds
2016-10-11T22:36:15.968-0400: 3296.133: Total time for which application threads were stopped: 0.0000802 seconds, Stopping threads took: 0.0000201 seconds
2016-10-11T22:36:15.969-0400: 3296.134: Total time for which application threads were stopped: 0.0000527 seconds, Stopping threads took: 0.0000205 seconds
2016-10-11T22:36:15.970-0400: 3296.134: Total time for which application threads were stopped: 0.0000550 seconds, Stopping threads took: 0.0000149 seconds
2016-10-11T22:36:15.970-0400: 3296.134: Total time for which application threads were stopped: 0.0000481 seconds, Stopping threads took: 0.0000145 seconds
2016-10-11T22:36:15.971-0400: 3296.135: Total time for which application threads were stopped: 0.0000443 seconds, Stopping threads took: 0.0000126 seconds
2016-10-11T22:36:15.971-0400: 3296.135: Total time for which application threads were stopped: 0.0000373 seconds, Stopping threads took: 0.0000103 seconds
2016-10-11T22:36:15.975-0400: 3296.139: Total time for which application threads were stopped: 0.0000532 seconds, Stopping threads took: 0.0000149 seconds
2016-10-11T22:36:15.981-0400: 3296.145: Total time for which application threads were stopped: 0.0000690 seconds, Stopping threads took: 0.0000187 seconds
2016-10-11T22:36:16.389-0400: 3296.556: Total time for which application threads were stopped: 0.0001591 seconds, Stopping threads took: 0.0000373 seconds
2016-10-11T22:36:17.389-0400: 3297.554: Total time for which application threads were stopped: 0.0001581 seconds, Stopping threads took: 0.0000457 seconds
2016-10-11T22:36:25.052-0400: 3305.216: Total time for which application threads were stopped: 0.0001054 seconds, Stopping threads took: 0.0000271 seconds
2016-10-11T22:36:25.053-0400: 3305.217: Total time for which application threads were stopped: 0.0001316 seconds, Stopping threads took: 0.0000592 seconds
2016-10-11T22:36:25.056-0400: 3305.220: Total time for which application threads were stopped: 0.0001250 seconds, Stopping threads took: 0.0000616 seconds
2016-10-11T22:36:26.065-0400: 3306.229: Total time for which application threads were stopped: 0.0001735 seconds, Stopping threads took: 0.0000597 seconds
2016-10-11T22:36:32.066-0400: 3312.230: Total time for which application threads were stopped: 0.0001535 seconds, Stopping threads took: 0.0000434 seconds
2016-10-11T22:36:35.850-0400: 3316.015: Total time for which application threads were stopped: 0.0001040 second